<?xml version="1.0" encoding="UTF-8"?>
<!-- Generated by org.testng.reporters.JUnitReportReporter -->
<testsuite hostname="Surabhi-PC" failures="0" tests="2" name="com.lilac.scripts.Script" time="9.387" errors="0" timestamp="2023-10-13T02:34:40 IST" skipped="0">
  <testcase classname="com.lilac.scripts.Script" name="checkloginfieldsacceptsData" time="3.166"/>
  <system-out/>
  <testcase classname="com.lilac.scripts.Script" name="checkHomepageloadedwithemailandpasswordfields" time="6.221"/>
  <system-out/>
</testsuite> <!-- com.lilac.scripts.Script -->
