<?xml version="1.0" encoding="UTF-8"?>
<!-- Generated by org.testng.reporters.JUnitReportReporter -->
<testsuite hostname="Surabhi-PC" failures="0" tests="1" name="com.lilac.scripts.Test5script" time="13.813" errors="0" timestamp="2023-10-13T14:19:16 IST" skipped="0">
  <testcase classname="com.lilac.scripts.Test5script" name="checkdisplaymessageshowingandbutton5isdisabledafterthat" time="13.813"/>
  <system-out/>
</testsuite> <!-- com.lilac.scripts.Test5script -->
