<?xml version="1.0" encoding="UTF-8"?>
<!-- Generated by org.testng.reporters.JUnitReportReporter -->
<testsuite hostname="Surabhi-PC" failures="0" tests="1" name="com.lilac.scripts.Test6script" time="6.305" errors="0" timestamp="2023-10-14T20:22:30 IST" skipped="0">
  <testcase classname="com.lilac.scripts.Test6script" name="checkindaValueincoordinates2_2" time="6.305"/>
  <system-out/>
</testsuite> <!-- com.lilac.scripts.Test6script -->
