<?xml version="1.0" encoding="UTF-8"?>
<!-- Generated by org.testng.reporters.JUnitReportReporter -->
<testsuite hostname="Surabhi-PC" failures="0" tests="1" name="com.lilac.scripts.Test4script" time="7.916" errors="0" timestamp="2023-10-13T13:17:37 IST" skipped="0">
  <testcase classname="com.lilac.scripts.Test4script" name="checksecondarybuttonisdisabled" time="7.916"/>
  <system-out/>
</testsuite> <!-- com.lilac.scripts.Test4script -->
