<?xml version="1.0" encoding="UTF-8"?>
<!-- Generated by org.testng.reporters.JUnitReportReporter -->
<testsuite hostname="Surabhi-PC" failures="0" tests="1" name="com.lilac.scripts.Test2script" time="5.029" errors="0" timestamp="2023-10-14T17:26:10 IST" skipped="0">
  <testcase classname="com.lilac.scripts.Test2script" name="Checktheseconditemsvalue" time="5.029"/>
  <system-out/>
</testsuite> <!-- com.lilac.scripts.Test2script -->
