<?xml version="1.0" encoding="UTF-8"?>
<!-- Generated by org.testng.reporters.JUnitReportReporter -->
<testsuite hostname="Surabhi-PC" failures="0" tests="2" name="com.lilac.scripts.Test3Script" time="13.284" errors="0" timestamp="2023-10-13T12:50:10 IST" skipped="0">
  <testcase classname="com.lilac.scripts.Test3Script" name="checkDefaultoptionindropdownisshowingasoption1" time="6.822"/>
  <system-out/>
  <testcase classname="com.lilac.scripts.Test3Script" name="checkthirdoptionindropdownSelectsornot" time="6.462"/>
  <system-out/>
</testsuite> <!-- com.lilac.scripts.Test3Script -->
